[0m17:33:12.134535 [debug] [MainThread]: Sending event: {'category': 'dbt', 'action': 'invocation', 'label': 'start', 'context': [<snowplow_tracker.self_describing_json.SelfDescribingJson object at 0x1059f92b0>, <snowplow_tracker.self_describing_json.SelfDescribingJson object at 0x1074f3d90>, <snowplow_tracker.self_describing_json.SelfDescribingJson object at 0x1074f3ed0>]}


============================== 17:33:12.199721 | dbd5c18f-e517-4107-8d24-e7a5358b7e46 ==============================
[0m17:33:12.199721 [info ] [MainThread]: Running with dbt=1.9.1
[0m17:33:12.200194 [debug] [MainThread]: running dbt with arguments {'printer_width': '80', 'indirect_selection': 'eager', 'write_json': 'True', 'log_cache_events': 'False', 'partial_parse': 'True', 'cache_selected_only': 'False', 'warn_error': 'None', 'version_check': 'True', 'debug': 'False', 'log_path': 'logs', 'profiles_dir': '/Users/cclave/.dbt', 'fail_fast': 'False', 'use_colors': 'True', 'use_experimental_parser': 'False', 'empty': 'None', 'quiet': 'False', 'no_print': 'None', 'warn_error_options': 'WarnErrorOptions(include=[], exclude=[])', 'static_parser': 'True', 'invocation_command': 'dbt init dbt', 'introspect': 'True', 'target_path': 'None', 'log_format': 'default', 'send_anonymous_usage_stats': 'True'}
[0m17:33:19.265836 [debug] [MainThread]: Starter project path: /Users/cclave/projets/cart/.venv/lib/python3.13/site-packages/dbt/include/starter_project
[0m17:33:19.397822 [info ] [MainThread]: 
Your new dbt project "dbtcart" was created!

For more information on how to configure the profiles.yml file,
please consult the dbt documentation here:

  https://docs.getdbt.com/docs/configure-your-profile

One more thing:

Need help? Don't hesitate to reach out to us via GitHub issues or on Slack:

  https://community.getdbt.com/

Happy modeling!

[0m17:33:19.398884 [info ] [MainThread]: Setting up your profile.
[0m17:33:24.777839 [debug] [MainThread]: Resource report: {"command_name": "init", "command_success": true, "command_wall_clock_time": 12.809079, "process_in_blocks": "0", "process_kernel_time": 0.325592, "process_mem_max_rss": "123011072", "process_out_blocks": "0", "process_user_time": 1.090213}
[0m17:33:24.779099 [debug] [MainThread]: Command `dbt init` succeeded at 17:33:24.778928 after 12.81 seconds
[0m17:33:24.779672 [debug] [MainThread]: Sending event: {'category': 'dbt', 'action': 'invocation', 'label': 'end', 'context': [<snowplow_tracker.self_describing_json.SelfDescribingJson object at 0x1075b6ea0>, <snowplow_tracker.self_describing_json.SelfDescribingJson object at 0x1076c32f0>, <snowplow_tracker.self_describing_json.SelfDescribingJson object at 0x1075ce360>]}
[0m17:33:24.780226 [debug] [MainThread]: Flushing usage events
[0m17:33:25.222635 [debug] [MainThread]: An error was encountered while trying to flush usage events
